<?xml version="1.0" encoding="UTF-8"?>
<!-- Generated by org.testng.reporters.JUnitReportReporter -->
<testsuite skipped="0" hostname="admins-MacBook-Pro.local" name="com.shine.tests.Test_JDShare" tests="1" failures="0" timestamp="2020-02-15T12:01:14 IST" time="54.249" errors="0">
  <testcase name="verify_jd_share_button" time="54.249" classname="com.shine.tests.Test_JDShare"/>
</testsuite> <!-- com.shine.tests.Test_JDShare -->
