<?xml version="1.0" encoding="UTF-8"?>
<!-- Generated by org.testng.reporters.JUnitReportReporter -->
<testsuite skipped="0" hostname="admins-MacBook-Pro.local" name="com.shine.tests.Test_MyProfile" tests="21" failures="0" timestamp="2020-06-10T16:11:55 IST" time="125.287" errors="0">
  <testcase name="test_UploadInvalidResume" time="10.060" classname="com.shine.tests.Test_MyProfile"/>
  <system-out/>
  <testcase name="test_UploadValidResume" time="9.171" classname="com.shine.tests.Test_MyProfile"/>
  <system-out/>
  <testcase name="edit_work_experience" time="8.049" classname="com.shine.tests.Test_MyProfile"/>
  <system-out/>
  <testcase name="verify_work_experience" time="7.905" classname="com.shine.tests.Test_MyProfile"/>
  <system-out/>
  <testcase name="verify_personal_details" time="2.299" classname="com.shine.tests.Test_MyProfile"/>
  <system-out/>
  <testcase name="add_employment_details" time="16.498" classname="com.shine.tests.Test_MyProfile"/>
  <system-out/>
  <testcase name="verify_employment_details" time="2.286" classname="com.shine.tests.Test_MyProfile"/>
  <system-out/>
  <testcase name="add_education_details" time="6.854" classname="com.shine.tests.Test_MyProfile"/>
  <system-out/>
  <testcase name="verify_add_education_details" time="4.326" classname="com.shine.tests.Test_MyProfile"/>
  <system-out/>
  <testcase name="add_skills" time="6.306" classname="com.shine.tests.Test_MyProfile"/>
  <system-out/>
  <testcase name="verify_add_skills" time="2.301" classname="com.shine.tests.Test_MyProfile"/>
  <system-out/>
  <testcase name="edit_skills" time="7.320" classname="com.shine.tests.Test_MyProfile"/>
  <system-out/>
  <testcase name="verify_edit_skills" time="2.301" classname="com.shine.tests.Test_MyProfile"/>
  <system-out/>
  <testcase name="add_certification" time="4.440" classname="com.shine.tests.Test_MyProfile"/>
  <system-out/>
  <testcase name="verify_add_certification" time="2.304" classname="com.shine.tests.Test_MyProfile"/>
  <system-out/>
  <testcase name="edit_certification" time="5.718" classname="com.shine.tests.Test_MyProfile"/>
  <system-out/>
  <testcase name="verify_edit_certification" time="3.361" classname="com.shine.tests.Test_MyProfile"/>
  <system-out/>
  <testcase name="verify_desired_job" time="0.312" classname="com.shine.tests.Test_MyProfile"/>
  <system-out/>
  <testcase name="add_MultipleCertification" time="7.703" classname="com.shine.tests.Test_MyProfile"/>
  <system-out/>
  <testcase name="add_MultipleCertification" time="8.107" classname="com.shine.tests.Test_MyProfile"/>
  <system-out/>
  <testcase name="add_MultipleCertification" time="7.666" classname="com.shine.tests.Test_MyProfile"/>
  <system-out/>
</testsuite> <!-- com.shine.tests.Test_MyProfile -->
