<?xml version="1.0" encoding="UTF-8"?>
<!-- Generated by org.testng.reporters.JUnitReportReporter -->
<testsuite skipped="0" hostname="admins-MacBook-Pro.local" name="com.shine.tests.Test_CreateBadProfile" tests="4" failures="0" timestamp="2020-03-17T11:10:19 IST" time="57.785" errors="0">
  <testcase name="open_RegistrationPage" time="6.926" classname="com.shine.tests.Test_CreateBadProfile"/>
  <system-out/>
  <testcase name="registrationStep1" time="1.252" classname="com.shine.tests.Test_CreateBadProfile"/>
  <system-out/>
  <testcase name="registrationStep2" time="35.505" classname="com.shine.tests.Test_CreateBadProfile"/>
  <system-out/>
  <testcase name="upload_resume" time="14.102" classname="com.shine.tests.Test_CreateBadProfile"/>
  <system-out/>
</testsuite> <!-- com.shine.tests.Test_CreateBadProfile -->
