<?xml version="1.0" encoding="UTF-8"?>
<!-- Generated by org.testng.reporters.JUnitReportReporter -->
<testsuite skipped="0" hostname="admins-MacBook-Pro.local" name="com.shine.tests.Test_ForgotPassword" tests="1" failures="0" timestamp="2020-01-13T11:10:44 IST" time="6.928" errors="0">
  <testcase name="Test_ForgetPassword" time="6.928" classname="com.shine.tests.Test_ForgotPassword"/>
</testsuite> <!-- com.shine.tests.Test_ForgotPassword -->
