<?xml version="1.0" encoding="UTF-8"?>
<!-- Generated by org.testng.reporters.JUnitReportReporter -->
<testsuite skipped="0" hostname="admins-MacBook-Pro.local" name="com.shine.tests.Test_RegistrationComplete" tests="4" failures="0" timestamp="2020-03-15T13:35:00 IST" time="73.015" errors="0">
  <testcase name="open_RegistrationPage" time="6.844" classname="com.shine.tests.Test_RegistrationComplete"/>
  <system-out/>
  <testcase name="registrationStep1" time="1.465" classname="com.shine.tests.Test_RegistrationComplete"/>
  <system-out/>
  <testcase name="registrationStep2" time="48.717" classname="com.shine.tests.Test_RegistrationComplete"/>
  <system-out/>
  <testcase name="upload_resume" time="15.989" classname="com.shine.tests.Test_RegistrationComplete"/>
  <system-out/>
</testsuite> <!-- com.shine.tests.Test_RegistrationComplete -->
