<?xml version="1.0" encoding="UTF-8"?>
<!-- Generated by org.testng.reporters.JUnitReportReporter -->
<testsuite skipped="0" hostname="admins-MacBook-Pro.local" name="com.shine.tests.Test_FresherRegistration" tests="5" failures="0" timestamp="2020-03-14T12:55:12 IST" time="48.903" errors="0">
  <testcase name="open_RegistrationPage" time="3.632" classname="com.shine.tests.Test_FresherRegistration"/>
  <system-out/>
  <testcase name="test_fresher_registration_step1" time="1.325" classname="com.shine.tests.Test_FresherRegistration"/>
  <system-out/>
  <testcase name="test_fresher_registration_step2" time="29.681" classname="com.shine.tests.Test_FresherRegistration"/>
  <system-out/>
  <testcase name="Upload_Fresher_Resume" time="7.103" classname="com.shine.tests.Test_FresherRegistration"/>
  <system-out/>
  <testcase name="create_FresherJobAlert" time="7.162" classname="com.shine.tests.Test_FresherRegistration"/>
  <system-out/>
</testsuite> <!-- com.shine.tests.Test_FresherRegistration -->
