<?xml version="1.0" encoding="UTF-8"?>
<!-- Generated by org.testng.reporters.JUnitReportReporter -->
<testsuite skipped="0" hostname="admins-MBP" name="com.shine.tests.Test_ApplicationInsights" tests="2" failures="0" timestamp="2020-05-28T11:56:56 IST" time="156.852" errors="0">
  <testcase name="verify_isInsightDisplay_lo" time="41.326" classname="com.shine.tests.Test_ApplicationInsights"/>
  <system-out/>
  <testcase name="verify_isInsightDisplay_li" time="115.526" classname="com.shine.tests.Test_ApplicationInsights"/>
  <system-out/>
</testsuite> <!-- com.shine.tests.Test_ApplicationInsights -->
