<?xml version="1.0" encoding="UTF-8"?>
<!-- Generated by org.testng.reporters.JUnitReportReporter -->
<testsuite skipped="0" hostname="admins-MacBook-Pro.local" name="com.shine.tests.Test_G_Analytic" tests="7" failures="0" timestamp="2019-12-06T15:37:18 IST" time="177.647" errors="0">
  <testcase name="verify_g_analytic_tracking_code" time="1.248" classname="com.shine.tests.Test_G_Analytic"/>
  <testcase name="verify_g_analytic_tracking_code1" time="3.037" classname="com.shine.tests.Test_G_Analytic"/>
  <testcase name="verify_g_analytic_tracking_code2" time="24.107" classname="com.shine.tests.Test_G_Analytic"/>
  <testcase name="verify_g_analytic_tracking_code3" time="41.392" classname="com.shine.tests.Test_G_Analytic"/>
  <testcase name="verify_loggedin_g_analytic_tracking_code" time="10.083" classname="com.shine.tests.Test_G_Analytic"/>
  <testcase name="verify_loggedin_g_analytic_tracking_code1" time="59.456" classname="com.shine.tests.Test_G_Analytic"/>
  <testcase name="verify_loggedin_google_tracking_code2" time="38.324" classname="com.shine.tests.Test_G_Analytic"/>
</testsuite> <!-- com.shine.tests.Test_G_Analytic -->
