<?xml version="1.0" encoding="UTF-8"?>
<!-- Generated by org.testng.reporters.JUnitReportReporter -->
<testsuite skipped="0" hostname="admins-MacBook-Pro.local" name="com.shine.tests.utility.Test_Sitemaps" tests="3" failures="0" timestamp="2020-06-26T11:09:43 IST" time="20.115" errors="0">
  <testcase name="getURL" time="0.359" classname="com.shine.tests.utility.Test_Sitemaps"/>
  <system-out/>
  <testcase name="create_html" time="0.014" classname="com.shine.tests.utility.Test_Sitemaps"/>
  <system-out/>
  <testcase name="send_email" time="19.742" classname="com.shine.tests.utility.Test_Sitemaps"/>
  <system-out/>
</testsuite> <!-- com.shine.tests.utility.Test_Sitemaps -->
