<?xml version="1.0" encoding="UTF-8"?>
<!-- Generated by org.testng.reporters.JUnitReportReporter -->
<testsuite skipped="0" hostname="admins-MBP" name="com.shine.tests.Test_AccountSettings" tests="8" failures="0" timestamp="2020-05-22T14:09:19 IST" time="15.622" errors="0">
  <testcase name="test_OpenAccountSettings" time="3.067" classname="com.shine.tests.Test_AccountSettings"/>
  <system-out/>
  <testcase name="verify_change_password_button" time="1.662" classname="com.shine.tests.Test_AccountSettings"/>
  <system-out/>
  <testcase name="verify_new_password_validation" time="0.634" classname="com.shine.tests.Test_AccountSettings"/>
  <system-out/>
  <testcase name="verify_confirm_password_validation" time="0.023" classname="com.shine.tests.Test_AccountSettings"/>
  <system-out/>
  <testcase name="verify_old_password_validation" time="0.028" classname="com.shine.tests.Test_AccountSettings"/>
  <system-out/>
  <testcase name="verify_change_password" time="4.550" classname="com.shine.tests.Test_AccountSettings"/>
  <system-out/>
  <testcase name="test_OpenAccountSettings_URL" time="3.401" classname="com.shine.tests.Test_AccountSettings"/>
  <system-out/>
  <testcase name="verify_edit_profile_status" time="2.257" classname="com.shine.tests.Test_AccountSettings"/>
  <system-out/>
</testsuite> <!-- com.shine.tests.Test_AccountSettings -->
