<?xml version="1.0" encoding="UTF-8"?>
<!-- Generated by org.testng.reporters.JUnitReportReporter -->
<testsuite skipped="0" hostname="admins-MacBook-Pro.local" name="com.shine.tests.Test_SearchResults" tests="20" failures="0" timestamp="2019-12-03T17:31:58 IST" time="783.064" errors="0">
  <testcase name="testSearchResult" time="40.862" classname="com.shine.tests.Test_SearchResults"/>
  <testcase name="testSearchResult" time="40.562" classname="com.shine.tests.Test_SearchResults"/>
  <testcase name="testSearchResult" time="41.298" classname="com.shine.tests.Test_SearchResults"/>
  <testcase name="testSearchResult" time="41.236" classname="com.shine.tests.Test_SearchResults"/>
  <testcase name="testSearchResult" time="30.370" classname="com.shine.tests.Test_SearchResults"/>
  <testcase name="testSearchResult" time="41.034" classname="com.shine.tests.Test_SearchResults"/>
  <testcase name="testSearchResult" time="40.153" classname="com.shine.tests.Test_SearchResults"/>
  <testcase name="testSearchResult" time="41.315" classname="com.shine.tests.Test_SearchResults"/>
  <testcase name="testSearchResult" time="40.952" classname="com.shine.tests.Test_SearchResults"/>
  <testcase name="testSearchResult" time="35.111" classname="com.shine.tests.Test_SearchResults"/>
  <testcase name="testSearchResult" time="41.537" classname="com.shine.tests.Test_SearchResults"/>
  <testcase name="testSearchResult" time="40.876" classname="com.shine.tests.Test_SearchResults"/>
  <testcase name="testSearchResult" time="41.433" classname="com.shine.tests.Test_SearchResults"/>
  <testcase name="testSearchResult" time="41.277" classname="com.shine.tests.Test_SearchResults"/>
  <testcase name="testSearchResult" time="41.313" classname="com.shine.tests.Test_SearchResults"/>
  <testcase name="testSearchResult" time="40.203" classname="com.shine.tests.Test_SearchResults"/>
  <testcase name="testSearchResult" time="40.109" classname="com.shine.tests.Test_SearchResults"/>
  <testcase name="testSearchResult" time="41.273" classname="com.shine.tests.Test_SearchResults"/>
  <testcase name="testSearchResult" time="30.781" classname="com.shine.tests.Test_SearchResults"/>
  <testcase name="testSearchResult" time="31.369" classname="com.shine.tests.Test_SearchResults"/>
</testsuite> <!-- com.shine.tests.Test_SearchResults -->
