<?xml version="1.0" encoding="UTF-8"?>
<!-- Generated by org.testng.reporters.JUnitReportReporter -->
<testsuite skipped="0" hostname="admins-MacBook-Pro.local" name="com.shine.m.tests.Test_MobilePixelRequest" tests="2" failures="0" timestamp="2019-12-06T17:09:38 IST" time="114.880" errors="0">
  <testcase name="test_Pixel_Flow1" time="55.996" classname="com.shine.m.tests.Test_MobilePixelRequest"/>
  <testcase name="test_Pixel_Flow2" time="58.884" classname="com.shine.m.tests.Test_MobilePixelRequest"/>
</testsuite> <!-- com.shine.m.tests.Test_MobilePixelRequest -->
