<?xml version="1.0" encoding="UTF-8"?>
<!-- Generated by org.testng.reporters.JUnitReportReporter -->
<testsuite skipped="0" hostname="admins-MacBook-Pro.local" name="com.shine.tests.Test_ResumeFileValidation" tests="5" failures="0" timestamp="2020-01-13T10:21:19 IST" time="43.345" errors="0">
  <testcase name="upload_resume_greater_than_5mb" time="5.817" classname="com.shine.tests.Test_ResumeFileValidation"/>
  <testcase name="upload_excel_file" time="8.434" classname="com.shine.tests.Test_ResumeFileValidation"/>
  <testcase name="upload_html_file" time="8.866" classname="com.shine.tests.Test_ResumeFileValidation"/>
  <testcase name="upload_jpg_image_file" time="15.505" classname="com.shine.tests.Test_ResumeFileValidation"/>
  <testcase name="upload_file_without_extension" time="4.723" classname="com.shine.tests.Test_ResumeFileValidation"/>
</testsuite> <!-- com.shine.tests.Test_ResumeFileValidation -->
