<?xml version="1.0" encoding="UTF-8"?>
<!-- Generated by org.testng.reporters.JUnitReportReporter -->
<testsuite skipped="0" hostname="admins-MBP" name="com.shine.tests.Test_BreadCrumbs" tests="4" failures="0" timestamp="2020-05-26T11:28:41 IST" time="23.709" errors="0">
  <testcase name="open_search_page" time="3.056" classname="com.shine.tests.Test_BreadCrumbs"/>
  <system-out/>
  <testcase name="open_search_page" time="9.110" classname="com.shine.tests.Test_BreadCrumbs"/>
  <system-out/>
  <testcase name="open_search_page" time="4.792" classname="com.shine.tests.Test_BreadCrumbs"/>
  <system-out/>
  <testcase name="open_search_page" time="6.751" classname="com.shine.tests.Test_BreadCrumbs"/>
  <system-out/>
</testsuite> <!-- com.shine.tests.Test_BreadCrumbs -->
