<?xml version="1.0" encoding="UTF-8"?>
<!-- Generated by org.testng.reporters.JUnitReportReporter -->
<testsuite skipped="0" hostname="admins-MacBook-Pro.local" name="com.shine.tests.Test_Login" tests="8" failures="0" timestamp="2020-03-14T12:13:44 IST" time="63.818" errors="0">
  <testcase name="verify_login_with_blank_input" time="11.117" classname="com.shine.tests.Test_Login"/>
  <system-out/>
  <testcase name="verify_login_with_invalid_password" time="9.599" classname="com.shine.tests.Test_Login"/>
  <system-out/>
  <testcase name="verify_login_with_invalid_inputs" time="7.736" classname="com.shine.tests.Test_Login"/>
  <system-out/>
  <testcase name="verify_login_with_valid_inputs" time="11.322" classname="com.shine.tests.Test_Login"/>
  <system-out/>
  <testcase name="verify_loginpage_with_blank_input" time="6.724" classname="com.shine.tests.Test_Login"/>
  <system-out/>
  <testcase name="verify_loginpage_with_invalid_password" time="4.542" classname="com.shine.tests.Test_Login"/>
  <system-out/>
  <testcase name="verify_loginpage_with_invalid_inputs" time="6.454" classname="com.shine.tests.Test_Login"/>
  <system-out/>
  <testcase name="verify_loginpage_with_valid_inputs" time="6.324" classname="com.shine.tests.Test_Login"/>
  <system-out/>
</testsuite> <!-- com.shine.tests.Test_Login -->
