<?xml version="1.0" encoding="UTF-8"?>
<!-- Generated by org.testng.reporters.JUnitReportReporter -->
<testsuite skipped="0" hostname="admins-MacBook-Pro.local" name="com.shine.tests.Test_FormBasedMailers" tests="3" failures="0" timestamp="2019-12-06T15:07:27 IST" time="1.586" errors="0">
  <testcase name="verify_form_based_mailer_validation" time="1.580" classname="com.shine.tests.Test_FormBasedMailers"/>
  <testcase name="verify_submit_form_based_mailer" time="0.004" classname="com.shine.tests.Test_FormBasedMailers"/>
  <testcase name="verify_validation" time="0.002" classname="com.shine.tests.Test_FormBasedMailers"/>
</testsuite> <!-- com.shine.tests.Test_FormBasedMailers -->
