<?xml version="1.0" encoding="UTF-8"?>
<!-- Generated by org.testng.reporters.JUnitReportReporter -->
<testsuite skipped="0" hostname="admins-MacBook-Pro.local" name="com.shine.tests.Test_VerifyEmailLink" tests="2" failures="0" timestamp="2020-02-17T09:34:57 IST" time="50.583" errors="0">
  <testcase name="open_verify_email_link_on_mailinator" time="24.421" classname="com.shine.tests.Test_VerifyEmailLink"/>
  <testcase name="verify_email_link_on_profile" time="26.162" classname="com.shine.tests.Test_VerifyEmailLink"/>
</testsuite> <!-- com.shine.tests.Test_VerifyEmailLink -->
