<?xml version="1.0" encoding="UTF-8"?>
<!-- Generated by org.testng.reporters.JUnitReportReporter -->
<testsuite skipped="0" hostname="admins-MBP" name="com.shine.tests.Test_Robots" tests="3" failures="0" timestamp="2020-05-14T17:41:44 IST" time="4.357" errors="0">
  <testcase name="testRobots" time="1.301" classname="com.shine.tests.Test_Robots"/>
  <system-out/>
  <testcase name="testRobots" time="1.548" classname="com.shine.tests.Test_Robots"/>
  <system-out/>
  <testcase name="testRobots" time="1.508" classname="com.shine.tests.Test_Robots"/>
  <system-out/>
</testsuite> <!-- com.shine.tests.Test_Robots -->
