<?xml version="1.0" encoding="UTF-8"?>
<!-- Generated by org.testng.reporters.JUnitReportReporter -->
<testsuite skipped="0" hostname="admins-MacBook-Pro.local" name="com.shine.tests.Test_JD_CheckDuplicate" tests="10" failures="0" timestamp="2019-12-18T16:21:58 IST" time="120.230" errors="0">
  <testcase name="Search" time="12.559" classname="com.shine.tests.Test_JD_CheckDuplicate"/>
  <testcase name="Search" time="11.244" classname="com.shine.tests.Test_JD_CheckDuplicate"/>
  <testcase name="Search" time="11.410" classname="com.shine.tests.Test_JD_CheckDuplicate"/>
  <testcase name="Search" time="12.369" classname="com.shine.tests.Test_JD_CheckDuplicate"/>
  <testcase name="Search" time="12.353" classname="com.shine.tests.Test_JD_CheckDuplicate"/>
  <testcase name="Search" time="11.341" classname="com.shine.tests.Test_JD_CheckDuplicate"/>
  <testcase name="Search" time="12.150" classname="com.shine.tests.Test_JD_CheckDuplicate"/>
  <testcase name="Search" time="11.911" classname="com.shine.tests.Test_JD_CheckDuplicate"/>
  <testcase name="Search" time="12.434" classname="com.shine.tests.Test_JD_CheckDuplicate"/>
  <testcase name="Search" time="12.459" classname="com.shine.tests.Test_JD_CheckDuplicate"/>
</testsuite> <!-- com.shine.tests.Test_JD_CheckDuplicate -->
