<?xml version="1.0" encoding="UTF-8"?>
<!-- Generated by org.testng.reporters.JUnitReportReporter -->
<testsuite skipped="0" hostname="admins-MBP" name="com.shine.tests.Test_JobAlert" tests="9" failures="0" timestamp="2020-05-28T16:43:20 IST" time="375.921" errors="0">
  <testcase name="test_jsrp_loggedout_location_check" time="18.277" classname="com.shine.tests.Test_JobAlert"/>
  <system-out/>
  <testcase name="create_job_alert_nonloggedin" time="79.680" classname="com.shine.tests.Test_JobAlert"/>
  <system-out/>
  <testcase name="test_create_job_alert" time="165.526" classname="com.shine.tests.Test_JobAlert"/>
  <system-out/>
  <testcase name="verify_created_job_alert" time="0.959" classname="com.shine.tests.Test_JobAlert"/>
  <system-out/>
  <testcase name="test_edit_job_alert" time="69.746" classname="com.shine.tests.Test_JobAlert"/>
  <system-out/>
  <testcase name="verify_edit_job_alert" time="0.500" classname="com.shine.tests.Test_JobAlert"/>
  <system-out/>
  <testcase name="test_delete_JobAlert" time="10.432" classname="com.shine.tests.Test_JobAlert"/>
  <system-out/>
  <testcase name="test_jsrp_loggedin_popup" time="24.723" classname="com.shine.tests.Test_JobAlert"/>
  <system-out/>
  <testcase name="test_jsrp_loggedin_location_check" time="6.078" classname="com.shine.tests.Test_JobAlert"/>
  <system-out/>
</testsuite> <!-- com.shine.tests.Test_JobAlert -->
