<?xml version="1.0" encoding="UTF-8"?>
<!-- Generated by org.testng.reporters.JUnitReportReporter -->
<testsuite skipped="0" hostname="admins-MacBook-Pro.local" name="com.shine.tests.Test_SocialLogin" tests="3" failures="0" timestamp="2020-06-16T11:29:19 IST" time="107.367" errors="0">
  <testcase name="verify_google_login" time="31.742" classname="com.shine.tests.Test_SocialLogin"/>
  <system-out/>
  <testcase name="verify_linkedin_login_cancel" time="28.835" classname="com.shine.tests.Test_SocialLogin"/>
  <system-out/>
  <testcase name="verify_linkedin_login" time="46.790" classname="com.shine.tests.Test_SocialLogin"/>
  <system-out/>
</testsuite> <!-- com.shine.tests.Test_SocialLogin -->
