<?xml version="1.0" encoding="UTF-8"?>
<!-- Generated by org.testng.reporters.JUnitReportReporter -->
<testsuite skipped="0" hostname="admins-MacBook-Pro.local" name="com.shine.tests.Test_SimilarJob" tests="65" failures="0" timestamp="2019-12-05T14:38:05 IST" time="93.922" errors="0">
  <testcase name="test_contractual_jobs" time="1.007" classname="com.shine.tests.Test_SimilarJob"/>
  <testcase name="test_contractual_jobs" time="1.004" classname="com.shine.tests.Test_SimilarJob"/>
  <testcase name="test_contractual_jobs" time="1.004" classname="com.shine.tests.Test_SimilarJob"/>
  <testcase name="test_contractual_jobs" time="1.005" classname="com.shine.tests.Test_SimilarJob"/>
  <testcase name="test_contractual_jobs" time="1.008" classname="com.shine.tests.Test_SimilarJob"/>
  <testcase name="test_contractual_jobs" time="1.005" classname="com.shine.tests.Test_SimilarJob"/>
  <testcase name="test_contractual_jobs" time="1.005" classname="com.shine.tests.Test_SimilarJob"/>
  <testcase name="test_contractual_jobs" time="1.006" classname="com.shine.tests.Test_SimilarJob"/>
  <testcase name="test_contractual_jobs" time="1.004" classname="com.shine.tests.Test_SimilarJob"/>
  <testcase name="test_contractual_jobs" time="1.007" classname="com.shine.tests.Test_SimilarJob"/>
  <testcase name="test_contractual_jobs" time="1.008" classname="com.shine.tests.Test_SimilarJob"/>
  <testcase name="test_contractual_jobs" time="1.009" classname="com.shine.tests.Test_SimilarJob"/>
  <testcase name="test_contractual_jobs" time="1.008" classname="com.shine.tests.Test_SimilarJob"/>
  <testcase name="test_contractual_jobs" time="1.005" classname="com.shine.tests.Test_SimilarJob"/>
  <testcase name="test_contractual_jobs" time="1.005" classname="com.shine.tests.Test_SimilarJob"/>
  <testcase name="test_contractual_jobs" time="1.004" classname="com.shine.tests.Test_SimilarJob"/>
  <testcase name="test_contractual_jobs" time="1.007" classname="com.shine.tests.Test_SimilarJob"/>
  <testcase name="test_contractual_jobs" time="1.015" classname="com.shine.tests.Test_SimilarJob"/>
  <testcase name="test_contractual_jobs" time="1.005" classname="com.shine.tests.Test_SimilarJob"/>
  <testcase name="test_contractual_jobs" time="1.007" classname="com.shine.tests.Test_SimilarJob"/>
  <testcase name="verify_contractual_job_jd" time="7.805" classname="com.shine.tests.Test_SimilarJob"/>
  <testcase name="test_internship_jobs" time="1.007" classname="com.shine.tests.Test_SimilarJob"/>
  <testcase name="test_internship_jobs" time="1.006" classname="com.shine.tests.Test_SimilarJob"/>
  <testcase name="test_internship_jobs" time="1.004" classname="com.shine.tests.Test_SimilarJob"/>
  <testcase name="test_internship_jobs" time="1.007" classname="com.shine.tests.Test_SimilarJob"/>
  <testcase name="test_internship_jobs" time="1.006" classname="com.shine.tests.Test_SimilarJob"/>
  <testcase name="test_internship_jobs" time="1.003" classname="com.shine.tests.Test_SimilarJob"/>
  <testcase name="test_internship_jobs" time="1.007" classname="com.shine.tests.Test_SimilarJob"/>
  <testcase name="test_internship_jobs" time="1.006" classname="com.shine.tests.Test_SimilarJob"/>
  <testcase name="test_internship_jobs" time="1.006" classname="com.shine.tests.Test_SimilarJob"/>
  <testcase name="test_internship_jobs" time="1.005" classname="com.shine.tests.Test_SimilarJob"/>
  <testcase name="test_internship_jobs" time="1.003" classname="com.shine.tests.Test_SimilarJob"/>
  <testcase name="test_internship_jobs" time="1.007" classname="com.shine.tests.Test_SimilarJob"/>
  <testcase name="test_internship_jobs" time="1.007" classname="com.shine.tests.Test_SimilarJob"/>
  <testcase name="test_internship_jobs" time="1.005" classname="com.shine.tests.Test_SimilarJob"/>
  <testcase name="test_internship_jobs" time="1.006" classname="com.shine.tests.Test_SimilarJob"/>
  <testcase name="test_internship_jobs" time="1.007" classname="com.shine.tests.Test_SimilarJob"/>
  <testcase name="test_internship_jobs" time="1.007" classname="com.shine.tests.Test_SimilarJob"/>
  <testcase name="test_internship_jobs" time="1.005" classname="com.shine.tests.Test_SimilarJob"/>
  <testcase name="test_internship_jobs" time="1.003" classname="com.shine.tests.Test_SimilarJob"/>
  <testcase name="test_internship_jobs" time="1.006" classname="com.shine.tests.Test_SimilarJob"/>
  <testcase name="verify_internship_job_jd" time="3.066" classname="com.shine.tests.Test_SimilarJob"/>
  <testcase name="test_wfh_job_jobs" time="1.004" classname="com.shine.tests.Test_SimilarJob"/>
  <testcase name="test_wfh_job_jobs" time="1.005" classname="com.shine.tests.Test_SimilarJob"/>
  <testcase name="test_wfh_job_jobs" time="1.003" classname="com.shine.tests.Test_SimilarJob"/>
  <testcase name="test_wfh_job_jobs" time="1.007" classname="com.shine.tests.Test_SimilarJob"/>
  <testcase name="test_wfh_job_jobs" time="1.004" classname="com.shine.tests.Test_SimilarJob"/>
  <testcase name="test_wfh_job_jobs" time="1.004" classname="com.shine.tests.Test_SimilarJob"/>
  <testcase name="test_wfh_job_jobs" time="1.007" classname="com.shine.tests.Test_SimilarJob"/>
  <testcase name="test_wfh_job_jobs" time="1.007" classname="com.shine.tests.Test_SimilarJob"/>
  <testcase name="test_wfh_job_jobs" time="1.006" classname="com.shine.tests.Test_SimilarJob"/>
  <testcase name="test_wfh_job_jobs" time="1.003" classname="com.shine.tests.Test_SimilarJob"/>
  <testcase name="test_wfh_job_jobs" time="1.007" classname="com.shine.tests.Test_SimilarJob"/>
  <testcase name="test_wfh_job_jobs" time="1.003" classname="com.shine.tests.Test_SimilarJob"/>
  <testcase name="test_wfh_job_jobs" time="1.006" classname="com.shine.tests.Test_SimilarJob"/>
  <testcase name="test_wfh_job_jobs" time="1.005" classname="com.shine.tests.Test_SimilarJob"/>
  <testcase name="test_wfh_job_jobs" time="1.007" classname="com.shine.tests.Test_SimilarJob"/>
  <testcase name="test_wfh_job_jobs" time="1.006" classname="com.shine.tests.Test_SimilarJob"/>
  <testcase name="verify_wfh_job_jd" time="4.834" classname="com.shine.tests.Test_SimilarJob"/>
  <testcase name="verify_loggedin_contractual_job_jd" time="13.196" classname="com.shine.tests.Test_SimilarJob"/>
  <testcase name="verify_loggedin_contractual_job_jd_similar_jobs" time="0.411" classname="com.shine.tests.Test_SimilarJob"/>
  <testcase name="verify_loggedin_internship_job_jd" time="3.451" classname="com.shine.tests.Test_SimilarJob"/>
  <testcase name="verify_loggedin_internship_job_jd_similar_jobs" time="0.404" classname="com.shine.tests.Test_SimilarJob"/>
  <testcase name="verify_loggein_wfh_job_jd" time="4.034" classname="com.shine.tests.Test_SimilarJob"/>
  <testcase name="verify_loggedin_wfh_job_jd_similar_jobs" time="0.396" classname="com.shine.tests.Test_SimilarJob"/>
</testsuite> <!-- com.shine.tests.Test_SimilarJob -->
