<?xml version="1.0" encoding="UTF-8"?>
<!-- Generated by org.testng.reporters.JUnitReportReporter -->
<testsuite skipped="0" hostname="admins-MacBook-Pro.local" name="com.shine.tests.Test_FooterURL" tests="33" failures="0" timestamp="2020-02-14T14:42:52 IST" time="935.354" errors="0">
  <testcase name="verify_footer_url" time="33.009" classname="com.shine.tests.Test_FooterURL"/>
  <testcase name="verify_footer_url" time="33.409" classname="com.shine.tests.Test_FooterURL"/>
  <testcase name="verify_footer_url" time="34.472" classname="com.shine.tests.Test_FooterURL"/>
  <testcase name="verify_footer_url" time="37.251" classname="com.shine.tests.Test_FooterURL"/>
  <testcase name="verify_footer_url" time="31.128" classname="com.shine.tests.Test_FooterURL"/>
  <testcase name="verify_footer_url" time="32.652" classname="com.shine.tests.Test_FooterURL"/>
  <testcase name="verify_footer_url" time="34.085" classname="com.shine.tests.Test_FooterURL"/>
  <testcase name="verify_footer_url" time="32.847" classname="com.shine.tests.Test_FooterURL"/>
  <testcase name="verify_footer_redirect_url" time="32.758" classname="com.shine.tests.Test_FooterURL"/>
  <testcase name="verify_footer_redirect_url" time="32.610" classname="com.shine.tests.Test_FooterURL"/>
  <testcase name="verify_footer_redirect_url" time="32.168" classname="com.shine.tests.Test_FooterURL"/>
  <testcase name="verify_footer_redirect_url" time="32.227" classname="com.shine.tests.Test_FooterURL"/>
  <testcase name="verify_footer_redirect_url" time="33.522" classname="com.shine.tests.Test_FooterURL"/>
  <testcase name="verify_footer_redirect_url" time="32.141" classname="com.shine.tests.Test_FooterURL"/>
  <testcase name="verify_footer_redirect_url" time="34.845" classname="com.shine.tests.Test_FooterURL"/>
  <testcase name="verify_footer_redirect_url" time="32.816" classname="com.shine.tests.Test_FooterURL"/>
  <testcase name="login" time="10.391" classname="com.shine.tests.Test_FooterURL"/>
  <testcase name="verify_loggedin_footer_url" time="22.415" classname="com.shine.tests.Test_FooterURL"/>
  <testcase name="verify_loggedin_footer_url" time="21.886" classname="com.shine.tests.Test_FooterURL"/>
  <testcase name="verify_loggedin_footer_url" time="23.780" classname="com.shine.tests.Test_FooterURL"/>
  <testcase name="verify_loggedin_footer_url" time="22.477" classname="com.shine.tests.Test_FooterURL"/>
  <testcase name="verify_loggedin_footer_url" time="23.989" classname="com.shine.tests.Test_FooterURL"/>
  <testcase name="verify_loggedin_footer_url" time="24.360" classname="com.shine.tests.Test_FooterURL"/>
  <testcase name="verify_loggedin_footer_url" time="24.673" classname="com.shine.tests.Test_FooterURL"/>
  <testcase name="verify_loggedin_footer_url" time="22.193" classname="com.shine.tests.Test_FooterURL"/>
  <testcase name="verify_loggedin_footer_redirect_url" time="23.203" classname="com.shine.tests.Test_FooterURL"/>
  <testcase name="verify_loggedin_footer_redirect_url" time="22.867" classname="com.shine.tests.Test_FooterURL"/>
  <testcase name="verify_loggedin_footer_redirect_url" time="23.116" classname="com.shine.tests.Test_FooterURL"/>
  <testcase name="verify_loggedin_footer_redirect_url" time="23.938" classname="com.shine.tests.Test_FooterURL"/>
  <testcase name="verify_loggedin_footer_redirect_url" time="22.789" classname="com.shine.tests.Test_FooterURL"/>
  <testcase name="verify_loggedin_footer_redirect_url" time="44.952" classname="com.shine.tests.Test_FooterURL"/>
  <testcase name="verify_loggedin_footer_redirect_url" time="23.272" classname="com.shine.tests.Test_FooterURL"/>
  <testcase name="verify_loggedin_footer_redirect_url" time="23.113" classname="com.shine.tests.Test_FooterURL"/>
</testsuite> <!-- com.shine.tests.Test_FooterURL -->
