<?xml version="1.0" encoding="UTF-8"?>
<!-- Generated by org.testng.reporters.JUnitReportReporter -->
<testsuite skipped="0" hostname="admins-MacBook-Pro.local" name="com.shine.tests.Test_Inbox" tests="3" failures="0" timestamp="2020-02-19T15:24:29 IST" time="13.430" errors="0">
  <testcase name="test_Inbox_Tabs" time="2.209" classname="com.shine.tests.Test_Inbox"/>
  <testcase name="testInboxJobAlerts" time="3.356" classname="com.shine.tests.Test_Inbox"/>
  <testcase name="testInboxRecruiterEmails" time="7.865" classname="com.shine.tests.Test_Inbox"/>
</testsuite> <!-- com.shine.tests.Test_Inbox -->
