<?xml version="1.0" encoding="UTF-8"?>
<!-- Generated by org.testng.reporters.JUnitReportReporter -->
<testsuite skipped="0" hostname="admins-MacBook-Pro.local" name="com.shine.tests.Test_ShortlistJobs" tests="3" failures="0" timestamp="2020-03-17T11:19:25 IST" time="61.808" errors="0">
  <testcase name="test_clickon_Save_btn" time="55.720" classname="com.shine.tests.Test_ShortlistJobs"/>
  <system-out/>
  <testcase name="open_ShortlistJobs" time="5.453" classname="com.shine.tests.Test_ShortlistJobs"/>
  <system-out/>
  <testcase name="verify_isJobSaved" time="0.635" classname="com.shine.tests.Test_ShortlistJobs"/>
  <system-out/>
</testsuite> <!-- com.shine.tests.Test_ShortlistJobs -->
